{"name": "test_signup_endpoint_returns_known_error", "status": "failed", "statusDetails": {"message": "AssertionError: Esperaba 500, obtuvo 201\nassert 201 in [500]\n +  where 201 = <Response [201]>.status_code", "trace": "api_tests/test_simulated_errors.py:29: in test_signup_endpoint_returns_known_error\n    assert response.status_code in [500], f\"Esperaba 500, obtuvo {response.status_code}\"\nE   AssertionError: Esperaba 500, obtuvo 201\nE   assert 201 in [500]\nE    +  where 201 = <Response [201]>.status_code"}, "description": "\nVerificar que el endpoint /auth/signup devuelve un error conocido (500),\ncomo parte del comportamiento simulado de la API.\n", "start": 1761949623712, "stop": 1761949625653, "uuid": "c2f1a440-1903-4631-9362-54e43eb4def5", "historyId": "eb63182647049e99ee58c527ba746f38", "testCaseId": "eb63182647049e99ee58c527ba746f38", "fullName": "api_tests.test_simulated_errors#test_signup_endpoint_returns_known_error", "labels": [{"name": "tag", "value": "api"}, {"name": "tag", "value": "negative"}, {"name": "tag", "value": "medium"}, {"name": "tag", "value": "TC_API_31"}, {"name": "parentSuite", "value": "api_tests"}, {"name": "suite", "value": "test_simulated_errors"}, {"name": "host", "value": "Apples-MacBook-Pro.local"}, {"name": "thread", "value": "19977-MainThread"}, {"name": "framework", "value": "pytest"}, {"name": "language", "value": "cpython3"}, {"name": "package", "value": "api_tests.test_simulated_errors"}], "titlePath": ["api_tests", "test_simulated_errors.py"]}